vitamio/build/outputs/logs/manifest-merger-release-report.txt
-- Merging decision tree log ---
manifest
ADDED from NewArchitecture\vitamio\AndroidManifest.xml:1:1-24:12
INJECTED from NewArchitecture\vitamio\AndroidManifest.xml:1:1-24:12
INJECTED from NewArchitecture\vitamio\AndroidManifest.xml:1:1-24:12
INJECTED from NewArchitecture\vitamio\AndroidManifest.xml:1:1-24:12
INJECTED from NewArchitecture\vitamio\AndroidManifest.xml:1:1-24:12
INJECTED from NewArchitecture\vitamio\AndroidManifest.xml:1:1-24:12
INJECTED from NewArchitecture\vitamio\AndroidManifest.xml:1:1-24:12
	package
		ADDED from NewArchitecture\vitamio\AndroidManifest.xml:2:5-29
		INJECTED from NewArchitecture\vitamio\AndroidManifest.xml
		INJECTED from NewArchitecture\vitamio\AndroidManifest.xml
	android:versionName
		ADDED from NewArchitecture\vitamio\AndroidManifest.xml:4:5-30
		INJECTED from NewArchitecture\vitamio\AndroidManifest.xml
		INJECTED from NewArchitecture\vitamio\AndroidManifest.xml
	xmlns:android
		ADDED from NewArchitecture\vitamio\AndroidManifest.xml:1:11-69
	android:versionCode
		ADDED from NewArchitecture\vitamio\AndroidManifest.xml:3:5-30
		INJECTED from NewArchitecture\vitamio\AndroidManifest.xml
		INJECTED from NewArchitecture\vitamio\AndroidManifest.xml
uses-permission#android.permission.WAKE_LOCK
ADDED from NewArchitecture\vitamio\AndroidManifest.xml:6:5-68
	android:name
		ADDED from NewArchitecture\vitamio\AndroidManifest.xml:6:22-65
uses-permission#android.permission.INTERNET
ADDED from NewArchitecture\vitamio\AndroidManifest.xml:7:5-67
	android:name
		ADDED from NewArchitecture\vitamio\AndroidManifest.xml:7:22-64
uses-permission#android.permission.ACCESS_NETWORK_STATE
ADDED from NewArchitecture\vitamio\AndroidManifest.xml:8:5-79
	android:name
		ADDED from NewArchitecture\vitamio\AndroidManifest.xml:8:22-76
application
ADDED from NewArchitecture\vitamio\AndroidManifest.xml:10:5-22:19
activity#io.vov.vitamio.activity.InitActivity
ADDED from NewArchitecture\vitamio\AndroidManifest.xml:11:9-16:63
	android:launchMode
		ADDED from NewArchitecture\vitamio\AndroidManifest.xml:14:13-43
	android:windowSoftInputMode
		ADDED from NewArchitecture\vitamio\AndroidManifest.xml:16:13-60
	android:configChanges
		ADDED from NewArchitecture\vitamio\AndroidManifest.xml:13:13-113
	android:theme
		ADDED from NewArchitecture\vitamio\AndroidManifest.xml:15:13-60
	android:name
		ADDED from NewArchitecture\vitamio\AndroidManifest.xml:12:13-64
activity#io.vov.vitamio.view.VideoPlayerActivity
ADDED from NewArchitecture\vitamio\AndroidManifest.xml:17:9-21:63
	android:screenOrientation
		ADDED from NewArchitecture\vitamio\AndroidManifest.xml:20:13-50
	android:launchMode
		ADDED from NewArchitecture\vitamio\AndroidManifest.xml:19:13-43
	android:theme
		ADDED from NewArchitecture\vitamio\AndroidManifest.xml:21:13-60
	android:name
		ADDED from NewArchitecture\vitamio\AndroidManifest.xml:18:13-67
uses-sdk
INJECTED from NewArchitecture\vitamio\AndroidManifest.xml reason: use-sdk injection requested
INJECTED from NewArchitecture\vitamio\AndroidManifest.xml
INJECTED from NewArchitecture\vitamio\AndroidManifest.xml
INJECTED from NewArchitecture\vitamio\AndroidManifest.xml
INJECTED from NewArchitecture\vitamio\AndroidManifest.xml
	android:targetSdkVersion
		INJECTED from NewArchitecture\vitamio\AndroidManifest.xml
		ADDED from NewArchitecture\vitamio\AndroidManifest.xml
		INJECTED from NewArchitecture\vitamio\AndroidManifest.xml
	android:minSdkVersion
		INJECTED from NewArchitecture\vitamio\AndroidManifest.xml
		ADDED from NewArchitecture\vitamio\AndroidManifest.xml
		INJECTED from NewArchitecture\vitamio\AndroidManifest.xml